<?xml version="1.0" encoding="UTF-8"?>
<!-- Generated by org.testng.reporters.JUnitXMLReporter -->
<testsuite ignored="2" hostname="Kirans-MacBook-Air.local" failures="1" tests="3" name="ChromeTest" time="5.467" errors="0" timestamp="2024-09-24T17:12:56 PDT">
  <testcase classname="tests.BaseTest" name="@BeforeMethod setup" time="0.002">
    <failure type="java.lang.NullPointerException" message="Cannot invoke &amp;quot;com.aventstack.extentreports.ExtentReports.createTest(String)&amp;quot; because &amp;quot;this.extent&amp;quot; is null">
      <![CDATA[java.lang.NullPointerException: Cannot invoke "com.aventstack.extentreports.ExtentReports.createTest(String)" because "this.extent" is null
at tests.BaseTest.setup(BaseTest.java:90)
at java.base/java.util.concurrent.ThreadPoolExecutor.runWorker(ThreadPoolExecutor.java:1144)
at java.base/java.util.concurrent.ThreadPoolExecutor$Worker.run(ThreadPoolExecutor.java:642)
at java.base/java.lang.Thread.run(Thread.java:1570)
... Removed 14 stack frames]]>
    </failure>
  </testcase> <!-- @BeforeMethod setup -->
  <testcase classname="tests.HomeTest" name="@BeforeMethod login" time="-1.727223165556E9">
    <skipped/>
  </testcase> <!-- @BeforeMethod login -->
  <testcase classname="tests.BaseTest" name="@AfterMethod tearDown" time="0.0">
    <failure type="java.lang.NullPointerException" message="Cannot invoke &amp;quot;org.openqa.selenium.WebDriver.close()&amp;quot; because the return value of &amp;quot;tests.BaseTest.getBrowser()&amp;quot; is null">
      <![CDATA[java.lang.NullPointerException: Cannot invoke "org.openqa.selenium.WebDriver.close()" because the return value of "tests.BaseTest.getBrowser()" is null
at tests.BaseTest.tearDown(BaseTest.java:99)
at java.base/java.util.concurrent.ThreadPoolExecutor.runWorker(ThreadPoolExecutor.java:1144)
at java.base/java.util.concurrent.ThreadPoolExecutor$Worker.run(ThreadPoolExecutor.java:642)
at java.base/java.lang.Thread.run(Thread.java:1570)
... Removed 15 stack frames]]>
    </failure>
  </testcase> <!-- @AfterMethod tearDown -->
  <testcase classname="tests.HomeTest" name="verifyMyProfileOption_TC06" time="0.0">
    <skipped/>
  </testcase> <!-- verifyMyProfileOption_TC06 -->
  <testcase classname="tests.LoginTest" name="loginErrorMessageTC01" time="1.295"/>
  <testcase classname="tests.LoginTest" name="loginToSalesforceTC02" time="3.166">
    <failure type="java.lang.AssertionError" message="The following asserts failed:
	expected [Home Page ~ Salesforce - Developer Edition] but found [Verify Your Identity | Salesforce]">
      <![CDATA[java.lang.AssertionError: The following asserts failed:
expected [Home Page ~ Salesforce - Developer Edition] but found [Verify Your Identity | Salesforce]
at tests.LoginTest.loginToSalesforceTC02(LoginTest.java:63)
at java.base/java.util.concurrent.ThreadPoolExecutor.runWorker(ThreadPoolExecutor.java:1144)
at java.base/java.util.concurrent.ThreadPoolExecutor$Worker.run(ThreadPoolExecutor.java:642)
at java.base/java.lang.Thread.run(Thread.java:1570)
... Removed 12 stack frames]]>
    </failure>
  </testcase> <!-- loginToSalesforceTC02 -->
  <testcase classname="tests.BaseTest" name="@AfterSuite tearDownFinal" time="0.0">
    <ignored/>
  </testcase> <!-- @AfterSuite tearDownFinal -->
  <testcase classname="tests.BaseTest" name="@BeforeSuite setup" time="0.0">
    <ignored/>
  </testcase> <!-- @BeforeSuite setup -->
</testsuite> <!-- ChromeTest -->
